#
# A fatal error has been detected by the Java Runtime Environment:
#
#  Internal Error (javaClasses.cpp:136), pid=7888, tid=6892
#  fatal error: Invalid layout of preloaded class
#
# JRE version:  (7.0_45-b18) (build )
# Java VM: Java HotSpot(TM) Client VM (24.45-b08 mixed mode windows-x86 )
# Failed to write core dump. Minidumps are not enabled by default on client versions of Windows
#
# If you would like to submit a bug report, please visit:
#   http://bugreport.sun.com/bugreport/crash.jsp
#

---------------  T H R E A D  ---------------

Current thread (0x01adbc00):  JavaThread "Unknown thread" [_thread_in_vm, id=6892, stack(0x00910000,0x00960000)]

Stack: [0x00910000,0x00960000],  sp=0x0095fac4,  free space=318k
Native frames: (J=compiled Java code, j=interpreted, Vv=VM code, C=native code)
V  [jvm.dll+0x18df51]
V  [jvm.dll+0x187cc6]
V  [jvm.dll+0x3586a]
V  [jvm.dll+0x358f6]
V  [jvm.dll+0x4400d]
V  [jvm.dll+0x442be]
V  [jvm.dll+0x9263a]
V  [jvm.dll+0x929eb]
V  [jvm.dll+0x13daf1]
V  [jvm.dll+0x1605fc]
V  [jvm.dll+0xc8ebf]
C  [javaw.exe+0x13ce]
C  [javaw.exe+0x1e40]
C  [javaw.exe+0xa5b1]
C  [javaw.exe+0xa63b]
C  [kernel32.dll+0x4d2e9]
C  [ntdll.dll+0x41603]
C  [ntdll.dll+0x415d6]


---------------  P R O C E S S  ---------------

Java Threads: ( => current thread )

Other Threads:

=>0x01adbc00 (exited) JavaThread "Unknown thread" [_thread_in_vm, id=6892, stack(0x00910000,0x00960000)]

VM state:not at safepoint (not fully initialized)

VM Mutex/Monitor currently owned by a thread: None

GC Heap History (0 events):
No events

Deoptimization events (0 events):
No events

Internal exceptions (0 events):
No events

Events (10 events):
Event: 0.055 loading class 0x007dbd58 done
Event: 0.056 loading class 0x007db7e8 done
Event: 0.056 loading class 0x007db7c8
Event: 0.056 loading class 0x007e2af0
Event: 0.056 loading class 0x007e2af0 done
Event: 0.056 loading class 0x007e2b20
Event: 0.056 loading class 0x007e2b20 done
Event: 0.056 loading class 0x007e2b50
Event: 0.056 loading class 0x007e2b50 done
Event: 0.056 loading class 0x007db7c8 done


Dynamic libraries:
0x009e0000 - 0x00a0f000 	C:\Program Files\Java\jre7\bin\javaw.exe
0x77a90000 - 0x77bb8000 	C:\Windows\system32\ntdll.dll
0x75680000 - 0x7575c000 	C:\Windows\system32\kernel32.dll
0x75b60000 - 0x75c26000 	C:\Windows\system32\ADVAPI32.dll
0x757f0000 - 0x758b2000 	C:\Windows\system32\RPCRT4.dll
0x76870000 - 0x7690d000 	C:\Windows\system32\USER32.dll
0x75630000 - 0x7567c000 	C:\Windows\system32\GDI32.dll
0x74340000 - 0x744de000 	C:\Windows\WinSxS\x86_microsoft.windows.common-controls_6595b64144ccf1df_6.0.6002.18305_none_5cb72f2a088b0ed3\COMCTL32.dll
0x76b60000 - 0x76c0a000 	C:\Windows\system32\msvcrt.dll
0x76910000 - 0x76969000 	C:\Windows\system32\SHLWAPI.dll
0x77ca0000 - 0x77cbe000 	C:\Windows\system32\IMM32.DLL
0x76970000 - 0x76a38000 	C:\Windows\system32\MSCTF.dll
0x77040000 - 0x77049000 	C:\Windows\system32\LPK.DLL
0x758c0000 - 0x7593d000 	C:\Windows\system32\USP10.dll
0x64820000 - 0x648df000 	C:\Program Files\Java\jre7\bin\msvcr100.dll
0x5edb0000 - 0x5f130000 	C:\Program Files\Java\jre7\bin\client\jvm.dll
0x72510000 - 0x72517000 	C:\Windows\system32\WSOCK32.dll
0x77050000 - 0x7707d000 	C:\Windows\system32\WS2_32.dll
0x77030000 - 0x77036000 	C:\Windows\system32\NSI.dll
0x73a60000 - 0x73a92000 	C:\Windows\system32\WINMM.dll
0x76c10000 - 0x76d55000 	C:\Windows\system32\ole32.dll
0x75ad0000 - 0x75b5d000 	C:\Windows\system32\OLEAUT32.dll
0x73a20000 - 0x73a5e000 	C:\Windows\system32\OLEACC.dll
0x77010000 - 0x77017000 	C:\Windows\system32\PSAPI.DLL
0x74120000 - 0x7412c000 	C:\Program Files\Java\jre7\bin\verify.dll
0x73510000 - 0x73530000 	C:\Program Files\Java\jre7\bin\java.dll
0x73530000 - 0x73543000 	C:\Program Files\Java\jre7\bin\zip.dll
0x73270000 - 0x7334c000 	C:\Windows\system32\dbghelp.dll

VM Arguments:
jvm_args: -Dfile.encoding=Cp1252 -Xbootclasspath:C:\Program Files\Android\android-sdk\platforms\android-19\android.jar 
java_command: com.example.android_project1.JDOM2
Launcher Type: SUN_STANDARD

Environment Variables:
PATH=C:/Program Files/Java/jre7/bin/client;C:/Program Files/Java/jre7/bin;C:/Program Files/Java/jre7/lib/i386;F:\PERL\site\bin;F:\PERL\bin;C:\Program Files\AMD APP\bin\x86;C:\Program Files\NVIDIA Corporation\PhysX\Common;C:\Program Files\Common Files\Microsoft Shared\Windows Live;C:\Windows\system32;C:\Windows;C:\Windows\System32\Wbem;C:\Program Files\ATI Technologies\ATI.ACE\Core-Static;C:\Windows\System32\WindowsPowerShell\v1.0\;C:\Program Files\Microsoft SQL Server\100\Tools\Binn\;C:\Program Files\Microsoft SQL Server\100\DTS\Binn\;F:\Git\cmd;C:\wamp\bin\php\php5.4.3;G:\eclipse\eclipse;
USERNAME=mickael
OS=Windows_NT
PROCESSOR_IDENTIFIER=x86 Family 6 Model 23 Stepping 10, GenuineIntel



---------------  S Y S T E M  ---------------

OS: Windows Vista Build 6002 Service Pack 2

CPU:total 2 (2 cores per cpu, 1 threads per core) family 6 model 23 stepping 10, cmov, cx8, fxsr, mmx, sse, sse2, sse3, ssse3, sse4.1, tsc

Memory: 4k page, physical 3144144k(620720k free), swap 6518616k(2151184k free)

vm_info: Java HotSpot(TM) Client VM (24.45-b08) for windows-x86 JRE (1.7.0_45-b18), built on Oct  8 2013 06:02:43 by "java_re" with unknown MS VC++:1600

time: Mon Dec 16 03:18:58 2013
elapsed time: 0 seconds

